INFO:operation:logger:Tue Apr 18 12:28:56 2023:[Telegram]: User[stevenkerman]: Run Command "/server start" 

INFO:operation:logger:Tue Apr 18 12:29:16 2023:[Telegram]: User[stevenkerman]: Run Command "/server stop" 

INFO:operation:logger:Tue Apr 18 12:29:19 2023:[Telegram]: User[stevenkerman]: Run Command "/status" 

INFO:operation:logger:Tue Apr 18 12:29:24 2023:[Telegram]: User[stevenkerman]: Run Command "/server start" 

INFO:operation:logger:Tue Apr 18 12:29:28 2023:[Telegram]: User[stevenkerman]: Run Command "/status" 

INFO:operation:logger:Tue Apr 18 12:29:33 2023:[Telegram]: User[stevenkerman]: Run Command "/status" 

INFO:operation:logger:Tue Apr 18 12:29:37 2023:[Telegram]: User[stevenkerman]: Run Command "/status" 

INFO:operation:logger:Tue Apr 18 12:32:40 2023:[Telegram]: User[stevenkerman]: Run Command "/server stop" 

INFO:operation:logger:Tue Apr 18 12:33:47 2023:[Telegram]: User[stevenkerman]: Run Command "/server start" 

INFO:operation:logger:Tue Apr 18 12:33:58 2023:[Telegram]: User[stevenkerman]: Run Command "/status" 

INFO:operation:logger:Tue Apr 18 12:34:19 2023:[Telegram]: User[stevenkerman]: Run Command "/server stop" 

INFO:operation:logger:Tue Apr 18 12:37:16 2023:[Telegram]: User[stevenkerman]: Run Command "/server start" 

INFO:operation:logger:Tue Apr 18 12:37:26 2023:[Telegram]: User[stevenkerman]: Run Command "/status" 

INFO:operation:logger:Tue Apr 18 12:37:31 2023:[Telegram]: User[stevenkerman]: Run Command "/status" 

INFO:operation:logger:Tue Apr 18 12:37:38 2023:[Telegram]: User[stevenkerman]: Run Command "/server stop" 

INFO:operation:logger:Tue Apr 18 12:37:59 2023:[Telegram]: User[stevenkerman]: Run Command "/status" 

INFO:operation:logger:Tue Apr 18 12:45:29 2023:[Telegram]: User[stevenkerman]: Run Command "/status" 

INFO:operation:logger:Tue Apr 18 12:45:34 2023:[Telegram]: User[stevenkerman]: Run Command "/server start" 

INFO:operation:logger:Tue Apr 18 12:47:13 2023:[Telegram]: User[stevenkerman]: Run Command "/server stop" 

INFO:operation:logger:Tue Apr 18 13:05:09 2023:[Telegram]: User[None]: Run Command "/staus" 

ERROR:operation:logger:Tue Apr 18 13:05:10 2023:[ System ]: Unauthorized Requeest From:
{'content_type': 'text', 'id': 758, 'message_id': 758, 'from_user': {'id': 2095059684, 'is_bot': False, 'first_name': 'Yuki', 'username': None, 'last_name': 'Hiroshi', 'language_code': 'en', 'can_join_groups': None, 'can_read_all_group_messages': None, 'supports_inline_queries': None, 'is_premium': None, 'added_to_attachment_menu': None}, 'date': 1681823109, 'chat': {'id': 2095059684, 'type': 'private', 'title': None, 'username': None, 'first_name': 'Yuki', 'last_name': 'Hiroshi', 'is_forum': None, 'photo': None, 'bio': None, 'join_to_send_messages': None, 'join_by_request': None, 'has_private_forwards': None, 'has_restricted_voice_and_video_messages': None, 'description': None, 'invite_link': None, 'pinned_message': None, 'permissions': None, 'slow_mode_delay': None, 'message_auto_delete_time': None, 'has_protected_content': None, 'sticker_set_name': None, 'can_set_sticker_set': None, 'linked_chat_id': None, 'location': None, 'active_usernames': None, 'emoji_status_custom_emoji_id': None, 'has_hidden_members': None, 'has_aggressive_anti_spam_enabled': None}, 'sender_chat': None, 'forward_from': None, 'forward_from_chat': None, 'forward_from_message_id': None, 'forward_signature': None, 'forward_sender_name': None, 'forward_date': None, 'is_automatic_forward': None, 'reply_to_message': None, 'via_bot': None, 'edit_date': None, 'has_protected_content': None, 'media_group_id': None, 'author_signature': None, 'text': '/staus', 'entities': [<telebot.types.MessageEntity object at 0x7fa6423c19d0>], 'caption_entities': None, 'audio': None, 'document': None, 'photo': None, 'sticker': None, 'video': None, 'video_note': None, 'voice': None, 'caption': None, 'contact': None, 'location': None, 'venue': None, 'animation': None, 'dice': None, 'new_chat_member': None, 'new_chat_members': None, 'left_chat_member': None, 'new_chat_title': None, 'new_chat_photo': None, 'delete_chat_photo': None, 'group_chat_created': None, 'supergroup_chat_created': None, 'channel_chat_created': None, 'migrate_to_chat_id': None, 'migrate_from_chat_id': None, 'pinned_message': None, 'invoice': None, 'successful_payment': None, 'connected_website': None, 'reply_markup': None, 'message_thread_id': None, 'is_topic_message': None, 'forum_topic_created': None, 'forum_topic_closed': None, 'forum_topic_reopened': None, 'has_media_spoiler': None, 'forum_topic_edited': None, 'general_forum_topic_hidden': None, 'general_forum_topic_unhidden': None, 'write_access_allowed': None, 'user_shared': None, 'chat_shared': None, 'json': {'message_id': 758, 'from': {'id': 2095059684, 'is_bot': False, 'first_name': 'Yuki', 'last_name': 'Hiroshi', 'language_code': 'en'}, 'chat': {'id': 2095059684, 'first_name': 'Yuki', 'last_name': 'Hiroshi', 'type': 'private'}, 'date': 1681823109, 'text': '/staus', 'entities': [{'offset': 0, 'length': 6, 'type': 'bot_command'}]}}
INFO:operation:logger:Tue Apr 18 13:05:17 2023:[Telegram]: User[None]: Run Command "/auth FacebookMeta" 

INFO:operation:logger:Tue Apr 18 13:05:23 2023:[Telegram]: User[None]: Run Command "/help" 

INFO:operation:logger:Tue Apr 18 13:05:32 2023:[Telegram]: User[None]: Run Command "/ls" 

INFO:operation:logger:Tue Apr 18 13:06:03 2023:[Telegram]: User[None]: Received File "aoi.zip" 

INFO:operation:logger:Tue Apr 18 13:06:17 2023:[Telegram]: User[None]: Run Command "/reload 2" 

INFO:operation:logger:Tue Apr 18 13:06:23 2023:[Telegram]: User[None]: Run Command "/status" 

INFO:operation:logger:Tue Apr 18 13:06:38 2023:[Telegram]: User[None]: Run Command "/server start" 

INFO:operation:logger:Tue Apr 18 13:06:44 2023:[Telegram]: User[None]: Run Command "/status" 

INFO:operation:logger:Tue Apr 18 13:06:50 2023:[Telegram]: User[None]: Run Command "/status" 

INFO:operation:logger:Tue Apr 18 13:13:50 2023:[Telegram]: User[None]: Run Command "/reload 2" 

ERROR:operation:logger:Tue Apr 18 13:13:56 2023:[ System ]: bot: Traceback (most recent call last):
  File "main.py", line 222, in reload
    shutil.copy(save_path,current_save_path)
  File "/usr/lib/python3.8/shutil.py", line 418, in copy
    copyfile(src, dst, follow_symlinks=follow_symlinks)
  File "/usr/lib/python3.8/shutil.py", line 264, in copyfile
    with open(src, 'rb') as fsrc, open(dst, 'wb') as fdst:
FileNotFoundError: [Errno 2] No such file or directory: '/home/factorio_handler/server/saves/newtest.zip'

INFO:operation:logger:Tue Apr 18 13:14:11 2023:[Telegram]: User[None]: Run Command "/ls" 

INFO:operation:logger:Tue Apr 18 13:14:22 2023:[Telegram]: User[None]: Run Command "/reload 1" 

INFO:operation:logger:Tue Apr 18 13:14:34 2023:[Telegram]: User[None]: Run Command "/server start" 

INFO:operation:logger:Tue Apr 18 13:16:27 2023:[Telegram]: User[stevenkerman]: Run Command "/status" 

INFO:operation:logger:Wed Apr 19 00:08:10 2023:[Telegram]: User[stevenkerman]: Run Command "/server" 

INFO:operation:logger:Wed Apr 19 00:08:13 2023:[Telegram]: User[stevenkerman]: Run Command "/status" 

